2024-08-12 21:26:16 - Starting BankingmanagementApiEntApplication using Java 22.0.1 with PID 27632 (C:\Users\Hopper-the-Bug\Desktop\my-hop\course_new\java_springboot\bankingmanagement-api-ent\bankingmanagement-api-ent\build\classes\java\main started by Hopper-the-Bug in C:\Users\Hopper-the-Bug\Desktop\my-hop\course_new\java_springboot\bankingmanagement-api-ent\bankingmanagement-api-ent)
2024-08-12 21:26:16 - Running with Spring Boot v3.3.2, Spring v6.1.11
2024-08-12 21:26:16 - No active profile set, falling back to 1 default profile: "default"
2024-08-12 21:26:16 - The Class-Path manifest attribute in C:\Users\Hopper-the-Bug\.gradle\caches\modules-2\files-2.1\com.oracle.database.jdbc\ojdbc11\21.9.0.0\1aad2e20684ee075bb9ebdca2d83f028e4fd35fa\ojdbc11-21.9.0.0.jar referenced one or more files that do not exist: file:/C:/Users/Hopper-the-Bug/.gradle/caches/modules-2/files-2.1/com.oracle.database.jdbc/ojdbc11/21.9.0.0/1aad2e20684ee075bb9ebdca2d83f028e4fd35fa/oraclepki.jar
2024-08-12 21:26:16 - Devtools property defaults active! Set 'spring.devtools.add-properties' to 'false' to disable
2024-08-12 21:26:16 - For additional web related logging consider setting the 'logging.level.web' property to 'DEBUG'
2024-08-12 21:26:19 - Bootstrapping Spring Data JPA repositories in DEFAULT mode.
2024-08-12 21:26:19 - Finished Spring Data repository scanning in 106 ms. Found 5 JPA repository interfaces.
2024-08-12 21:26:22 - Tomcat initialized with port 8088 (http)
2024-08-12 21:26:22 - Starting service [Tomcat]
2024-08-12 21:26:22 - Starting Servlet engine: [Apache Tomcat/10.1.26]
2024-08-12 21:26:22 - Initializing Spring embedded WebApplicationContext
2024-08-12 21:26:22 - Root WebApplicationContext: initialization completed in 5925 ms
2024-08-12 21:26:23 - HikariPool-1 - Starting...
2024-08-12 21:26:24 - HikariPool-1 - Added connection oracle.jdbc.driver.T4CConnection@3737e03
2024-08-12 21:26:24 - HikariPool-1 - Start completed.
2024-08-12 21:26:24 - HHH000204: Processing PersistenceUnitInfo [name: default]
2024-08-12 21:26:25 - HHH000412: Hibernate ORM core version 6.5.2.Final
2024-08-12 21:26:25 - HHH000026: Second-level cache disabled
2024-08-12 21:26:26 - No LoadTimeWeaver setup: ignoring JPA class transformer
2024-08-12 21:26:26 - HHH000511: The 11.2.0 version for [org.hibernate.dialect.OracleDialect] is no longer supported, hence certain features may not work properly. The minimum supported version is 19.0.0. Check the community dialects project for available legacy versions.
2024-08-12 21:26:28 - HHH000489: No JTA platform available (set 'hibernate.transaction.jta.platform' to enable JTA platform integration)
2024-08-12 21:26:28 - Initialized JPA EntityManagerFactory for persistence unit 'default'
2024-08-12 21:26:30 - spring.jpa.open-in-view is enabled by default. Therefore, database queries may be performed during view rendering. Explicitly configure spring.jpa.open-in-view to disable this warning
2024-08-12 21:26:35 - Unable to start LiveReload server
2024-08-12 21:26:35 - Exposing 9 endpoints beneath base path '/actuator'
2024-08-12 21:26:35 - Tomcat started on port 8088 (http) with context path '/'
2024-08-12 21:26:35 - Started BankingmanagementApiEntApplication in 20.465 seconds (process running for 22.659)
2024-08-12 21:26:35 - The application build
2024-08-12 21:26:35 - ddkslkjj 
2024-08-12 21:35:04 - Initializing Spring DispatcherServlet 'dispatcherServlet'
2024-08-12 21:35:04 - Initializing Servlet 'dispatcherServlet'
2024-08-12 21:35:04 - Completed initialization in 2 ms
2024-08-12 21:35:05 - Init duration for springdoc-openapi is: 638 ms
2024-08-12 21:35:14 - Inside the BankController.findAll
2024-08-12 21:35:14 - Inside find all
2024-08-12 21:35:14 - Bank details not found
2024-08-12 21:35:14 - Bank details not found
2024-08-12 21:39:27 -  Inside the bankController.save bankRequest:BankRequest(bankCode=112, bankName=JPSMS, bankAddress=JP, Yokohama)
2024-08-12 21:39:28 - Bank details bank:com.bankingmanagement.enterprise.entities.Bank@5f21dab
2024-08-12 21:39:28 - End of BankServiceImp.save
2024-08-12 21:39:43 - Inside the BankController.findAll
2024-08-12 21:39:43 - Inside find all
2024-08-12 21:39:43 - End of BANK imp
2024-08-12 21:39:43 - End of bank controller findall
